<?xml version="1.0" encoding="UTF-8" ?>
<testsuite errors="0" failures="0" hostname="devopsnew" name="devops.numbers.NumberWordsTests" skipped="0" tests="3" time="0.087" timestamp="2018-04-09T04:10:26">
  <properties>
[...]
</properties>
  <testcase classname="devops.numbers.NumberWordsTests" name="Test10" time="0.001" />
  <testcase classname="devops.numbers.NumberWordsTests" name="Test88" time="0.0" />
  <testcase classname="devops.numbers.NumberWordsTests" name="Test249" time="0.0" />
  <system-out><![CDATA[]]></system-out>
  <system-err><![CDATA[]]></system-err>
</testsuite>
